error: uncaughtException: This is a test
Error: This is a test
    at file:///J:/Development/Harvey/src/index.js:8:7
    at ModuleJob.run (node:internal/modules/esm/module_job:198:25)
    at async Promise.all (index 0)
    at async ESMLoader.import (node:internal/modules/esm/loader:409:24)
    at async loadESM (node:internal/process/esm_loader:85:5)
    at async handleMainPromise (node:internal/modules/run_main:61:12) {"date":"Sat Jun 18 2022 18:20:05 GMT-0400 (Eastern Daylight Time)","error":{},"exception":true,"os":{"loadavg":[0,0,0],"uptime":89934},"process":{"argv":["C:\\Program Files\\nodejs\\node.exe","J:\\Development\\Harvey"],"cwd":"J:\\Development\\Harvey","execPath":"C:\\Program Files\\nodejs\\node.exe","gid":null,"memoryUsage":{"arrayBuffers":156538,"external":625381,"heapTotal":11509760,"heapUsed":8544224,"rss":36683776},"pid":12588,"uid":null,"version":"v18.4.0"},"stack":"Error: This is a test\n    at file:///J:/Development/Harvey/src/index.js:8:7\n    at ModuleJob.run (node:internal/modules/esm/module_job:198:25)\n    at async Promise.all (index 0)\n    at async ESMLoader.import (node:internal/modules/esm/loader:409:24)\n    at async loadESM (node:internal/process/esm_loader:85:5)\n    at async handleMainPromise (node:internal/modules/run_main:61:12)","trace":[{"column":7,"file":"file:///J:/Development/Harvey/src/index.js","function":null,"line":8,"method":null,"native":false},{"column":25,"file":"node:internal/modules/esm/module_job","function":"ModuleJob.run","line":198,"method":"run","native":false},{"column":null,"file":null,"function":"async Promise.all","line":null,"method":"all","native":false},{"column":24,"file":"node:internal/modules/esm/loader","function":"async ESMLoader.import","line":409,"method":"import","native":false},{"column":5,"file":"node:internal/process/esm_loader","function":"async loadESM","line":85,"method":null,"native":false},{"column":12,"file":"node:internal/modules/run_main","function":"async handleMainPromise","line":61,"method":null,"native":false}]}
error: uncaughtException: This is a test
Error: This is a test
    at file:///J:/Development/Harvey/src/index.js:8:7
    at ModuleJob.run (node:internal/modules/esm/module_job:198:25)
    at async Promise.all (index 0)
    at async ESMLoader.import (node:internal/modules/esm/loader:409:24)
    at async loadESM (node:internal/process/esm_loader:85:5)
    at async handleMainPromise (node:internal/modules/run_main:61:12) {"date":"Sat Jun 18 2022 18:20:26 GMT-0400 (Eastern Daylight Time)","error":{},"exception":true,"os":{"loadavg":[0,0,0],"uptime":89955},"process":{"argv":["C:\\Program Files\\nodejs\\node.exe","J:\\Development\\Harvey"],"cwd":"J:\\Development\\Harvey","execPath":"C:\\Program Files\\nodejs\\node.exe","gid":null,"memoryUsage":{"arrayBuffers":156538,"external":625381,"heapTotal":11509760,"heapUsed":8577168,"rss":36397056},"pid":5364,"uid":null,"version":"v18.4.0"},"stack":"Error: This is a test\n    at file:///J:/Development/Harvey/src/index.js:8:7\n    at ModuleJob.run (node:internal/modules/esm/module_job:198:25)\n    at async Promise.all (index 0)\n    at async ESMLoader.import (node:internal/modules/esm/loader:409:24)\n    at async loadESM (node:internal/process/esm_loader:85:5)\n    at async handleMainPromise (node:internal/modules/run_main:61:12)","trace":[{"column":7,"file":"file:///J:/Development/Harvey/src/index.js","function":null,"line":8,"method":null,"native":false},{"column":25,"file":"node:internal/modules/esm/module_job","function":"ModuleJob.run","line":198,"method":"run","native":false},{"column":null,"file":null,"function":"async Promise.all","line":null,"method":"all","native":false},{"column":24,"file":"node:internal/modules/esm/loader","function":"async ESMLoader.import","line":409,"method":"import","native":false},{"column":5,"file":"node:internal/process/esm_loader","function":"async loadESM","line":85,"method":null,"native":false},{"column":12,"file":"node:internal/modules/run_main","function":"async handleMainPromise","line":61,"method":null,"native":false}]}
error: uncaughtException: This is a test
Error: This is a test
    at file:///J:/Development/Harvey/src/index.js:8:7
    at ModuleJob.run (node:internal/modules/esm/module_job:198:25)
    at async Promise.all (index 0)
    at async ESMLoader.import (node:internal/modules/esm/loader:409:24)
    at async loadESM (node:internal/process/esm_loader:85:5)
    at async handleMainPromise (node:internal/modules/run_main:61:12) {"date":"Sat Jun 18 2022 18:20:45 GMT-0400 (Eastern Daylight Time)","error":{},"exception":true,"os":{"loadavg":[0,0,0],"uptime":89973},"process":{"argv":["C:\\Program Files\\nodejs\\node.exe","J:\\Development\\Harvey"],"cwd":"J:\\Development\\Harvey","execPath":"C:\\Program Files\\nodejs\\node.exe","gid":null,"memoryUsage":{"arrayBuffers":156538,"external":625381,"heapTotal":11509760,"heapUsed":8602648,"rss":36499456},"pid":10568,"uid":null,"version":"v18.4.0"},"stack":"Error: This is a test\n    at file:///J:/Development/Harvey/src/index.js:8:7\n    at ModuleJob.run (node:internal/modules/esm/module_job:198:25)\n    at async Promise.all (index 0)\n    at async ESMLoader.import (node:internal/modules/esm/loader:409:24)\n    at async loadESM (node:internal/process/esm_loader:85:5)\n    at async handleMainPromise (node:internal/modules/run_main:61:12)","trace":[{"column":7,"file":"file:///J:/Development/Harvey/src/index.js","function":null,"line":8,"method":null,"native":false},{"column":25,"file":"node:internal/modules/esm/module_job","function":"ModuleJob.run","line":198,"method":"run","native":false},{"column":null,"file":null,"function":"async Promise.all","line":null,"method":"all","native":false},{"column":24,"file":"node:internal/modules/esm/loader","function":"async ESMLoader.import","line":409,"method":"import","native":false},{"column":5,"file":"node:internal/process/esm_loader","function":"async loadESM","line":85,"method":null,"native":false},{"column":12,"file":"node:internal/modules/run_main","function":"async handleMainPromise","line":61,"method":null,"native":false}]}
error: uncaughtException: This is a test
Error: This is a test
    at file:///J:/Development/Harvey/src/index.js:8:7
    at ModuleJob.run (node:internal/modules/esm/module_job:198:25)
    at async Promise.all (index 0)
    at async ESMLoader.import (node:internal/modules/esm/loader:409:24)
    at async loadESM (node:internal/process/esm_loader:85:5)
    at async handleMainPromise (node:internal/modules/run_main:61:12) {"date":"Sat Jun 18 2022 18:21:14 GMT-0400 (Eastern Daylight Time)","error":{},"exception":true,"os":{"loadavg":[0,0,0],"uptime":90002},"process":{"argv":["C:\\Program Files\\nodejs\\node.exe","J:\\Development\\Harvey"],"cwd":"J:\\Development\\Harvey","execPath":"C:\\Program Files\\nodejs\\node.exe","gid":null,"memoryUsage":{"arrayBuffers":156538,"external":625381,"heapTotal":11509760,"heapUsed":8599400,"rss":36528128},"pid":16364,"uid":null,"version":"v18.4.0"},"stack":"Error: This is a test\n    at file:///J:/Development/Harvey/src/index.js:8:7\n    at ModuleJob.run (node:internal/modules/esm/module_job:198:25)\n    at async Promise.all (index 0)\n    at async ESMLoader.import (node:internal/modules/esm/loader:409:24)\n    at async loadESM (node:internal/process/esm_loader:85:5)\n    at async handleMainPromise (node:internal/modules/run_main:61:12)","trace":[{"column":7,"file":"file:///J:/Development/Harvey/src/index.js","function":null,"line":8,"method":null,"native":false},{"column":25,"file":"node:internal/modules/esm/module_job","function":"ModuleJob.run","line":198,"method":"run","native":false},{"column":null,"file":null,"function":"async Promise.all","line":null,"method":"all","native":false},{"column":24,"file":"node:internal/modules/esm/loader","function":"async ESMLoader.import","line":409,"method":"import","native":false},{"column":5,"file":"node:internal/process/esm_loader","function":"async loadESM","line":85,"method":null,"native":false},{"column":12,"file":"node:internal/modules/run_main","function":"async handleMainPromise","line":61,"method":null,"native":false}]}
